CRITICAL - 2023-08-17 07:54:00 --> Attempt to read property "geojson" on array
in APPPATH\Views\Fitur\maps.php on line 56.
 1 APPPATH\Views\Fitur\maps.php(56): CodeIgniter\Debug\Exceptions->errorHandler(2, 'Attempt to read property "geojson" on array', 'APPPATH\\Views\\Fitur\\maps.php', 56)
 2 SYSTEMPATH\View\View.php(213): include('APPPATH\\Views\\Fitur\\maps.php')
 3 SYSTEMPATH\View\View.php(216): CodeIgniter\View\View->CodeIgniter\View\{closure}()
 4 SYSTEMPATH\Common.php(1177): CodeIgniter\View\View->render('Fitur/maps', [], true)
 5 APPPATH\Controllers\Home.php(183): view('Fitur/maps', [...])
 6 SYSTEMPATH\CodeIgniter.php(934): App\Controllers\Home->Maps()
 7 SYSTEMPATH\CodeIgniter.php(499): CodeIgniter\CodeIgniter->runController(Object(App\Controllers\Home))
 8 SYSTEMPATH\CodeIgniter.php(368): CodeIgniter\CodeIgniter->handleRequest(null, Object(Config\Cache), false)
 9 FCPATH\index.php(67): CodeIgniter\CodeIgniter->run()
10 SYSTEMPATH\Commands\Server\rewrite.php(47): require_once('FCPATH\\index.php')
CRITICAL - 2023-08-17 07:54:24 --> Attempt to read property "geojson" on array
in APPPATH\Views\Fitur\maps.php on line 56.
 1 APPPATH\Views\Fitur\maps.php(56): CodeIgniter\Debug\Exceptions->errorHandler(2, 'Attempt to read property "geojson" on array', 'APPPATH\\Views\\Fitur\\maps.php', 56)
 2 SYSTEMPATH\View\View.php(213): include('APPPATH\\Views\\Fitur\\maps.php')
 3 SYSTEMPATH\View\View.php(216): CodeIgniter\View\View->CodeIgniter\View\{closure}()
 4 SYSTEMPATH\Common.php(1177): CodeIgniter\View\View->render('Fitur/maps', [], true)
 5 APPPATH\Controllers\Home.php(183): view('Fitur/maps', [...])
 6 SYSTEMPATH\CodeIgniter.php(934): App\Controllers\Home->Maps()
 7 SYSTEMPATH\CodeIgniter.php(499): CodeIgniter\CodeIgniter->runController(Object(App\Controllers\Home))
 8 SYSTEMPATH\CodeIgniter.php(368): CodeIgniter\CodeIgniter->handleRequest(null, Object(Config\Cache), false)
 9 FCPATH\index.php(67): CodeIgniter\CodeIgniter->run()
10 SYSTEMPATH\Commands\Server\rewrite.php(47): require_once('FCPATH\\index.php')
CRITICAL - 2023-08-17 08:10:19 --> Attempt to read property "geojson" on array
in APPPATH\Views\Fitur\maps.php on line 56.
 1 APPPATH\Views\Fitur\maps.php(56): CodeIgniter\Debug\Exceptions->errorHandler(2, 'Attempt to read property "geojson" on array', 'APPPATH\\Views\\Fitur\\maps.php', 56)
 2 SYSTEMPATH\View\View.php(213): include('APPPATH\\Views\\Fitur\\maps.php')
 3 SYSTEMPATH\View\View.php(216): CodeIgniter\View\View->CodeIgniter\View\{closure}()
 4 SYSTEMPATH\Common.php(1177): CodeIgniter\View\View->render('Fitur/maps', [], true)
 5 APPPATH\Controllers\Home.php(183): view('Fitur/maps', [...])
 6 SYSTEMPATH\CodeIgniter.php(934): App\Controllers\Home->Maps()
 7 SYSTEMPATH\CodeIgniter.php(499): CodeIgniter\CodeIgniter->runController(Object(App\Controllers\Home))
 8 SYSTEMPATH\CodeIgniter.php(368): CodeIgniter\CodeIgniter->handleRequest(null, Object(Config\Cache), false)
 9 FCPATH\index.php(67): CodeIgniter\CodeIgniter->run()
10 SYSTEMPATH\Commands\Server\rewrite.php(47): require_once('FCPATH\\index.php')
