INFO - 2023-07-31 00:28:35 --> Session: Class initialized using 'CodeIgniter\Session\Handlers\FileHandler' driver.
CRITICAL - 2023-07-31 01:45:40 --> Invalid file: "Fitur/AnggotaRelawan.php"
in SYSTEMPATH\Exceptions\FrameworkException.php on line 33.
 1 SYSTEMPATH\View\View.php(201): CodeIgniter\Exceptions\FrameworkException::forInvalidFile('Fitur/AnggotaRelawan.php')
 2 SYSTEMPATH\Common.php(1177): CodeIgniter\View\View->render('Fitur/AnggotaRelawan', [], true)
 3 APPPATH\Controllers\Home.php(25): view('Fitur/AnggotaRelawan')
 4 SYSTEMPATH\CodeIgniter.php(934): App\Controllers\Home->AnggotaRelawan()
 5 SYSTEMPATH\CodeIgniter.php(499): CodeIgniter\CodeIgniter->runController(Object(App\Controllers\Home))
 6 SYSTEMPATH\CodeIgniter.php(368): CodeIgniter\CodeIgniter->handleRequest(null, Object(Config\Cache), false)
 7 FCPATH\index.php(67): CodeIgniter\CodeIgniter->run()
 8 SYSTEMPATH\Commands\Server\rewrite.php(47): require_once('FCPATH\\index.php')
CRITICAL - 2023-07-31 01:46:04 --> Invalid file: "Fitur/AnggotaRelawan.php"
in SYSTEMPATH\Exceptions\FrameworkException.php on line 33.
 1 SYSTEMPATH\View\View.php(201): CodeIgniter\Exceptions\FrameworkException::forInvalidFile('Fitur/AnggotaRelawan.php')
 2 SYSTEMPATH\Common.php(1177): CodeIgniter\View\View->render('Fitur/AnggotaRelawan', [], true)
 3 APPPATH\Controllers\Home.php(25): view('Fitur/AnggotaRelawan')
 4 SYSTEMPATH\CodeIgniter.php(934): App\Controllers\Home->AnggotaRelawan()
 5 SYSTEMPATH\CodeIgniter.php(499): CodeIgniter\CodeIgniter->runController(Object(App\Controllers\Home))
 6 SYSTEMPATH\CodeIgniter.php(368): CodeIgniter\CodeIgniter->handleRequest(null, Object(Config\Cache), false)
 7 FCPATH\index.php(67): CodeIgniter\CodeIgniter->run()
 8 SYSTEMPATH\Commands\Server\rewrite.php(47): require_once('FCPATH\\index.php')
CRITICAL - 2023-07-31 12:44:52 --> Namespace declaration statement has to be the very first statement or after any declare call in the script
in APPPATH\Config\Routes.php on line 4.
 1 [internal function]: CodeIgniter\Debug\Exceptions->shutdownHandler()
CRITICAL - 2023-07-31 12:44:53 --> Namespace declaration statement has to be the very first statement or after any declare call in the script
in APPPATH\Config\Routes.php on line 4.
 1 [internal function]: CodeIgniter\Debug\Exceptions->shutdownHandler()
CRITICAL - 2023-07-31 12:45:10 --> Namespace declaration statement has to be the very first statement or after any declare call in the script
in APPPATH\Config\Routes.php on line 4.
 1 [internal function]: CodeIgniter\Debug\Exceptions->shutdownHandler()
