CRITICAL - 2023-08-18 08:54:58 --> syntax error, unexpected token ";", expecting "]"
in APPPATH\Controllers\Home.php on line 183.
 1 SYSTEMPATH\Autoloader\Autoloader.php(289): CodeIgniter\Autoloader\Autoloader->includeFile('APPPATH\\Controllers\\Home.php')
 2 SYSTEMPATH\Autoloader\Autoloader.php(267): CodeIgniter\Autoloader\Autoloader->loadInNamespace('App\\Controllers\\Home')
 3 [internal function]: CodeIgniter\Autoloader\Autoloader->loadClass('App\\Controllers\\Home')
 4 SYSTEMPATH\CodeIgniter.php(892): class_exists('\\App\\Controllers\\Home', true)
 5 SYSTEMPATH\CodeIgniter.php(486): CodeIgniter\CodeIgniter->startController()
 6 SYSTEMPATH\CodeIgniter.php(368): CodeIgniter\CodeIgniter->handleRequest(null, Object(Config\Cache), false)
 7 FCPATH\index.php(67): CodeIgniter\CodeIgniter->run()
 8 SYSTEMPATH\Commands\Server\rewrite.php(47): require_once('FCPATH\\index.php')
ERROR - 2023-08-18 09:03:06 --> mysqli_sql_exception: Unknown column 'id_rimuku' in 'order clause' in C:\xampp\htdocs\Webgis-Pemenangan\system\Database\MySQLi\Connection.php:295
Stack trace:
#0 C:\xampp\htdocs\Webgis-Pemenangan\system\Database\MySQLi\Connection.php(295): mysqli->query('SELECT *\nFROM `...', 0)
#1 C:\xampp\htdocs\Webgis-Pemenangan\system\Database\BaseConnection.php(691): CodeIgniter\Database\MySQLi\Connection->execute('SELECT *\nFROM `...')
#2 C:\xampp\htdocs\Webgis-Pemenangan\system\Database\BaseConnection.php(605): CodeIgniter\Database\BaseConnection->simpleQuery('SELECT *\nFROM `...')
#3 C:\xampp\htdocs\Webgis-Pemenangan\system\Database\BaseBuilder.php(1601): CodeIgniter\Database\BaseConnection->query('SELECT *\nFROM `...', Array, false)
#4 C:\xampp\htdocs\Webgis-Pemenangan\system\Model.php(240): CodeIgniter\Database\BaseBuilder->get()
#5 C:\xampp\htdocs\Webgis-Pemenangan\system\BaseModel.php(618): CodeIgniter\Model->doFindAll(0, 0)
#6 C:\xampp\htdocs\Webgis-Pemenangan\app\Controllers\Home.php(184): CodeIgniter\BaseModel->findAll()
#7 C:\xampp\htdocs\Webgis-Pemenangan\system\CodeIgniter.php(934): App\Controllers\Home->Maps()
#8 C:\xampp\htdocs\Webgis-Pemenangan\system\CodeIgniter.php(499): CodeIgniter\CodeIgniter->runController(Object(App\Controllers\Home))
#9 C:\xampp\htdocs\Webgis-Pemenangan\system\CodeIgniter.php(368): CodeIgniter\CodeIgniter->handleRequest(NULL, Object(Config\Cache), false)
#10 C:\xampp\htdocs\Webgis-Pemenangan\public\index.php(67): CodeIgniter\CodeIgniter->run()
#11 C:\xampp\htdocs\Webgis-Pemenangan\system\Commands\Server\rewrite.php(47): require_once('C:\\xampp\\htdocs...')
#12 {main}
CRITICAL - 2023-08-18 09:03:06 --> Unknown column 'id_rimuku' in 'order clause'
in SYSTEMPATH\Database\BaseConnection.php on line 645.
 1 SYSTEMPATH\Database\BaseBuilder.php(1601): CodeIgniter\Database\BaseConnection->query('SELECT *
FROM `anggota_rimuku`
ORDER BY `id_rimuku` DESC', [], false)
 2 SYSTEMPATH\Model.php(240): CodeIgniter\Database\BaseBuilder->get()
 3 SYSTEMPATH\BaseModel.php(618): CodeIgniter\Model->doFindAll(0, 0)
 4 APPPATH\Controllers\Home.php(184): CodeIgniter\BaseModel->findAll()
 5 SYSTEMPATH\CodeIgniter.php(934): App\Controllers\Home->Maps()
 6 SYSTEMPATH\CodeIgniter.php(499): CodeIgniter\CodeIgniter->runController(Object(App\Controllers\Home))
 7 SYSTEMPATH\CodeIgniter.php(368): CodeIgniter\CodeIgniter->handleRequest(null, Object(Config\Cache), false)
 8 FCPATH\index.php(67): CodeIgniter\CodeIgniter->run()
 9 SYSTEMPATH\Commands\Server\rewrite.php(47): require_once('FCPATH\\index.php')
CRITICAL - 2023-08-18 09:04:01 --> Attempt to read property "geojson" on array
in APPPATH\Views\Fitur\maps.php on line 56.
 1 APPPATH\Views\Fitur\maps.php(56): CodeIgniter\Debug\Exceptions->errorHandler(2, 'Attempt to read property "geojson" on array', 'APPPATH\\Views\\Fitur\\maps.php', 56)
 2 SYSTEMPATH\View\View.php(213): include('APPPATH\\Views\\Fitur\\maps.php')
 3 SYSTEMPATH\View\View.php(216): CodeIgniter\View\View->CodeIgniter\View\{closure}()
 4 SYSTEMPATH\Common.php(1177): CodeIgniter\View\View->render('Fitur/maps', [], true)
 5 APPPATH\Controllers\Home.php(188): view('Fitur/maps', [...])
 6 SYSTEMPATH\CodeIgniter.php(934): App\Controllers\Home->Maps()
 7 SYSTEMPATH\CodeIgniter.php(499): CodeIgniter\CodeIgniter->runController(Object(App\Controllers\Home))
 8 SYSTEMPATH\CodeIgniter.php(368): CodeIgniter\CodeIgniter->handleRequest(null, Object(Config\Cache), false)
 9 FCPATH\index.php(67): CodeIgniter\CodeIgniter->run()
10 SYSTEMPATH\Commands\Server\rewrite.php(47): require_once('FCPATH\\index.php')
CRITICAL - 2023-08-18 09:04:04 --> Attempt to read property "geojson" on array
in APPPATH\Views\Fitur\maps.php on line 56.
 1 APPPATH\Views\Fitur\maps.php(56): CodeIgniter\Debug\Exceptions->errorHandler(2, 'Attempt to read property "geojson" on array', 'APPPATH\\Views\\Fitur\\maps.php', 56)
 2 SYSTEMPATH\View\View.php(213): include('APPPATH\\Views\\Fitur\\maps.php')
 3 SYSTEMPATH\View\View.php(216): CodeIgniter\View\View->CodeIgniter\View\{closure}()
 4 SYSTEMPATH\Common.php(1177): CodeIgniter\View\View->render('Fitur/maps', [], true)
 5 APPPATH\Controllers\Home.php(188): view('Fitur/maps', [...])
 6 SYSTEMPATH\CodeIgniter.php(934): App\Controllers\Home->Maps()
 7 SYSTEMPATH\CodeIgniter.php(499): CodeIgniter\CodeIgniter->runController(Object(App\Controllers\Home))
 8 SYSTEMPATH\CodeIgniter.php(368): CodeIgniter\CodeIgniter->handleRequest(null, Object(Config\Cache), false)
 9 FCPATH\index.php(67): CodeIgniter\CodeIgniter->run()
10 SYSTEMPATH\Commands\Server\rewrite.php(47): require_once('FCPATH\\index.php')
CRITICAL - 2023-08-18 09:05:16 --> Attempt to read property "geojson" on array
in APPPATH\Views\Fitur\maps.php on line 56.
 1 APPPATH\Views\Fitur\maps.php(56): CodeIgniter\Debug\Exceptions->errorHandler(2, 'Attempt to read property "geojson" on array', 'APPPATH\\Views\\Fitur\\maps.php', 56)
 2 SYSTEMPATH\View\View.php(213): include('APPPATH\\Views\\Fitur\\maps.php')
 3 SYSTEMPATH\View\View.php(216): CodeIgniter\View\View->CodeIgniter\View\{closure}()
 4 SYSTEMPATH\Common.php(1177): CodeIgniter\View\View->render('Fitur/maps', [], true)
 5 APPPATH\Controllers\Home.php(188): view('Fitur/maps', [...])
 6 SYSTEMPATH\CodeIgniter.php(934): App\Controllers\Home->Maps()
 7 SYSTEMPATH\CodeIgniter.php(499): CodeIgniter\CodeIgniter->runController(Object(App\Controllers\Home))
 8 SYSTEMPATH\CodeIgniter.php(368): CodeIgniter\CodeIgniter->handleRequest(null, Object(Config\Cache), false)
 9 FCPATH\index.php(67): CodeIgniter\CodeIgniter->run()
10 SYSTEMPATH\Commands\Server\rewrite.php(47): require_once('FCPATH\\index.php')
CRITICAL - 2023-08-18 09:05:19 --> Attempt to read property "geojson" on array
in APPPATH\Views\Fitur\maps.php on line 56.
 1 APPPATH\Views\Fitur\maps.php(56): CodeIgniter\Debug\Exceptions->errorHandler(2, 'Attempt to read property "geojson" on array', 'APPPATH\\Views\\Fitur\\maps.php', 56)
 2 SYSTEMPATH\View\View.php(213): include('APPPATH\\Views\\Fitur\\maps.php')
 3 SYSTEMPATH\View\View.php(216): CodeIgniter\View\View->CodeIgniter\View\{closure}()
 4 SYSTEMPATH\Common.php(1177): CodeIgniter\View\View->render('Fitur/maps', [], true)
 5 APPPATH\Controllers\Home.php(188): view('Fitur/maps', [...])
 6 SYSTEMPATH\CodeIgniter.php(934): App\Controllers\Home->Maps()
 7 SYSTEMPATH\CodeIgniter.php(499): CodeIgniter\CodeIgniter->runController(Object(App\Controllers\Home))
 8 SYSTEMPATH\CodeIgniter.php(368): CodeIgniter\CodeIgniter->handleRequest(null, Object(Config\Cache), false)
 9 FCPATH\index.php(67): CodeIgniter\CodeIgniter->run()
10 SYSTEMPATH\Commands\Server\rewrite.php(47): require_once('FCPATH\\index.php')
CRITICAL - 2023-08-18 09:07:20 --> Attempt to read property "geojson" on array
in APPPATH\Views\Fitur\maps.php on line 56.
 1 APPPATH\Views\Fitur\maps.php(56): CodeIgniter\Debug\Exceptions->errorHandler(2, 'Attempt to read property "geojson" on array', 'APPPATH\\Views\\Fitur\\maps.php', 56)
 2 SYSTEMPATH\View\View.php(213): include('APPPATH\\Views\\Fitur\\maps.php')
 3 SYSTEMPATH\View\View.php(216): CodeIgniter\View\View->CodeIgniter\View\{closure}()
 4 SYSTEMPATH\Common.php(1177): CodeIgniter\View\View->render('Fitur/maps', [], true)
 5 APPPATH\Controllers\Home.php(188): view('Fitur/maps', [...])
 6 SYSTEMPATH\CodeIgniter.php(934): App\Controllers\Home->Maps()
 7 SYSTEMPATH\CodeIgniter.php(499): CodeIgniter\CodeIgniter->runController(Object(App\Controllers\Home))
 8 SYSTEMPATH\CodeIgniter.php(368): CodeIgniter\CodeIgniter->handleRequest(null, Object(Config\Cache), false)
 9 FCPATH\index.php(67): CodeIgniter\CodeIgniter->run()
10 SYSTEMPATH\Commands\Server\rewrite.php(47): require_once('FCPATH\\index.php')
CRITICAL - 2023-08-18 09:07:21 --> Attempt to read property "geojson" on array
in APPPATH\Views\Fitur\maps.php on line 56.
 1 APPPATH\Views\Fitur\maps.php(56): CodeIgniter\Debug\Exceptions->errorHandler(2, 'Attempt to read property "geojson" on array', 'APPPATH\\Views\\Fitur\\maps.php', 56)
 2 SYSTEMPATH\View\View.php(213): include('APPPATH\\Views\\Fitur\\maps.php')
 3 SYSTEMPATH\View\View.php(216): CodeIgniter\View\View->CodeIgniter\View\{closure}()
 4 SYSTEMPATH\Common.php(1177): CodeIgniter\View\View->render('Fitur/maps', [], true)
 5 APPPATH\Controllers\Home.php(188): view('Fitur/maps', [...])
 6 SYSTEMPATH\CodeIgniter.php(934): App\Controllers\Home->Maps()
 7 SYSTEMPATH\CodeIgniter.php(499): CodeIgniter\CodeIgniter->runController(Object(App\Controllers\Home))
 8 SYSTEMPATH\CodeIgniter.php(368): CodeIgniter\CodeIgniter->handleRequest(null, Object(Config\Cache), false)
 9 FCPATH\index.php(67): CodeIgniter\CodeIgniter->run()
10 SYSTEMPATH\Commands\Server\rewrite.php(47): require_once('FCPATH\\index.php')
CRITICAL - 2023-08-18 09:07:22 --> Attempt to read property "geojson" on array
in APPPATH\Views\Fitur\maps.php on line 56.
 1 APPPATH\Views\Fitur\maps.php(56): CodeIgniter\Debug\Exceptions->errorHandler(2, 'Attempt to read property "geojson" on array', 'APPPATH\\Views\\Fitur\\maps.php', 56)
 2 SYSTEMPATH\View\View.php(213): include('APPPATH\\Views\\Fitur\\maps.php')
 3 SYSTEMPATH\View\View.php(216): CodeIgniter\View\View->CodeIgniter\View\{closure}()
 4 SYSTEMPATH\Common.php(1177): CodeIgniter\View\View->render('Fitur/maps', [], true)
 5 APPPATH\Controllers\Home.php(188): view('Fitur/maps', [...])
 6 SYSTEMPATH\CodeIgniter.php(934): App\Controllers\Home->Maps()
 7 SYSTEMPATH\CodeIgniter.php(499): CodeIgniter\CodeIgniter->runController(Object(App\Controllers\Home))
 8 SYSTEMPATH\CodeIgniter.php(368): CodeIgniter\CodeIgniter->handleRequest(null, Object(Config\Cache), false)
 9 FCPATH\index.php(67): CodeIgniter\CodeIgniter->run()
10 SYSTEMPATH\Commands\Server\rewrite.php(47): require_once('FCPATH\\index.php')
CRITICAL - 2023-08-18 09:07:24 --> Attempt to read property "geojson" on array
in APPPATH\Views\Fitur\maps.php on line 56.
 1 APPPATH\Views\Fitur\maps.php(56): CodeIgniter\Debug\Exceptions->errorHandler(2, 'Attempt to read property "geojson" on array', 'APPPATH\\Views\\Fitur\\maps.php', 56)
 2 SYSTEMPATH\View\View.php(213): include('APPPATH\\Views\\Fitur\\maps.php')
 3 SYSTEMPATH\View\View.php(216): CodeIgniter\View\View->CodeIgniter\View\{closure}()
 4 SYSTEMPATH\Common.php(1177): CodeIgniter\View\View->render('Fitur/maps', [], true)
 5 APPPATH\Controllers\Home.php(188): view('Fitur/maps', [...])
 6 SYSTEMPATH\CodeIgniter.php(934): App\Controllers\Home->Maps()
 7 SYSTEMPATH\CodeIgniter.php(499): CodeIgniter\CodeIgniter->runController(Object(App\Controllers\Home))
 8 SYSTEMPATH\CodeIgniter.php(368): CodeIgniter\CodeIgniter->handleRequest(null, Object(Config\Cache), false)
 9 FCPATH\index.php(67): CodeIgniter\CodeIgniter->run()
10 SYSTEMPATH\Commands\Server\rewrite.php(47): require_once('FCPATH\\index.php')
CRITICAL - 2023-08-18 09:30:30 --> Attempt to read property "geojson" on array
in APPPATH\Views\Fitur\maps.php on line 56.
 1 APPPATH\Views\Fitur\maps.php(56): CodeIgniter\Debug\Exceptions->errorHandler(2, 'Attempt to read property "geojson" on array', 'APPPATH\\Views\\Fitur\\maps.php', 56)
 2 SYSTEMPATH\View\View.php(213): include('APPPATH\\Views\\Fitur\\maps.php')
 3 SYSTEMPATH\View\View.php(216): CodeIgniter\View\View->CodeIgniter\View\{closure}()
 4 SYSTEMPATH\Common.php(1177): CodeIgniter\View\View->render('Fitur/maps', [], true)
 5 APPPATH\Controllers\Home.php(188): view('Fitur/maps', [...])
 6 SYSTEMPATH\CodeIgniter.php(934): App\Controllers\Home->Maps()
 7 SYSTEMPATH\CodeIgniter.php(499): CodeIgniter\CodeIgniter->runController(Object(App\Controllers\Home))
 8 SYSTEMPATH\CodeIgniter.php(368): CodeIgniter\CodeIgniter->handleRequest(null, Object(Config\Cache), false)
 9 FCPATH\index.php(67): CodeIgniter\CodeIgniter->run()
10 SYSTEMPATH\Commands\Server\rewrite.php(47): require_once('FCPATH\\index.php')
CRITICAL - 2023-08-18 09:40:30 --> Class "App\Models\CI_Model" not found
in APPPATH\Models\M_binanga.php on line 7.
 1 SYSTEMPATH\Autoloader\Autoloader.php(312): include_once()
 2 SYSTEMPATH\Autoloader\Autoloader.php(289): CodeIgniter\Autoloader\Autoloader->includeFile('APPPATH\\Models\\M_binanga.php')
 3 SYSTEMPATH\Autoloader\Autoloader.php(267): CodeIgniter\Autoloader\Autoloader->loadInNamespace('App\\Models\\M_binanga')
 4 APPPATH\Controllers\Home.php(19): CodeIgniter\Autoloader\Autoloader->loadClass('App\\Models\\M_binanga')
 5 SYSTEMPATH\CodeIgniter.php(906): App\Controllers\Home->__construct()
 6 SYSTEMPATH\CodeIgniter.php(490): CodeIgniter\CodeIgniter->createController()
 7 SYSTEMPATH\CodeIgniter.php(368): CodeIgniter\CodeIgniter->handleRequest(null, Object(Config\Cache), false)
 8 FCPATH\index.php(67): CodeIgniter\CodeIgniter->run()
 9 SYSTEMPATH\Commands\Server\rewrite.php(47): require_once('FCPATH\\index.php')
CRITICAL - 2023-08-18 09:40:36 --> Class "App\Models\CI_Model" not found
in APPPATH\Models\M_binanga.php on line 7.
 1 SYSTEMPATH\Autoloader\Autoloader.php(312): include_once()
 2 SYSTEMPATH\Autoloader\Autoloader.php(289): CodeIgniter\Autoloader\Autoloader->includeFile('APPPATH\\Models\\M_binanga.php')
 3 SYSTEMPATH\Autoloader\Autoloader.php(267): CodeIgniter\Autoloader\Autoloader->loadInNamespace('App\\Models\\M_binanga')
 4 APPPATH\Controllers\Home.php(19): CodeIgniter\Autoloader\Autoloader->loadClass('App\\Models\\M_binanga')
 5 SYSTEMPATH\CodeIgniter.php(906): App\Controllers\Home->__construct()
 6 SYSTEMPATH\CodeIgniter.php(490): CodeIgniter\CodeIgniter->createController()
 7 SYSTEMPATH\CodeIgniter.php(368): CodeIgniter\CodeIgniter->handleRequest(null, Object(Config\Cache), false)
 8 FCPATH\index.php(67): CodeIgniter\CodeIgniter->run()
 9 SYSTEMPATH\Commands\Server\rewrite.php(47): require_once('FCPATH\\index.php')
CRITICAL - 2023-08-18 09:41:15 --> Class "App\Models\CI_Model" not found
in APPPATH\Models\M_binanga.php on line 7.
 1 SYSTEMPATH\Autoloader\Autoloader.php(312): include_once()
 2 SYSTEMPATH\Autoloader\Autoloader.php(289): CodeIgniter\Autoloader\Autoloader->includeFile('APPPATH\\Models\\M_binanga.php')
 3 SYSTEMPATH\Autoloader\Autoloader.php(267): CodeIgniter\Autoloader\Autoloader->loadInNamespace('App\\Models\\M_binanga')
 4 APPPATH\Controllers\Home.php(19): CodeIgniter\Autoloader\Autoloader->loadClass('App\\Models\\M_binanga')
 5 SYSTEMPATH\CodeIgniter.php(906): App\Controllers\Home->__construct()
 6 SYSTEMPATH\CodeIgniter.php(490): CodeIgniter\CodeIgniter->createController()
 7 SYSTEMPATH\CodeIgniter.php(368): CodeIgniter\CodeIgniter->handleRequest(null, Object(Config\Cache), false)
 8 FCPATH\index.php(67): CodeIgniter\CodeIgniter->run()
 9 SYSTEMPATH\Commands\Server\rewrite.php(47): require_once('FCPATH\\index.php')
CRITICAL - 2023-08-18 09:44:02 --> Class "App\Models\CI_Model" not found
in APPPATH\Models\M_binanga.php on line 7.
 1 SYSTEMPATH\Autoloader\Autoloader.php(312): include_once()
 2 SYSTEMPATH\Autoloader\Autoloader.php(289): CodeIgniter\Autoloader\Autoloader->includeFile('APPPATH\\Models\\M_binanga.php')
 3 SYSTEMPATH\Autoloader\Autoloader.php(267): CodeIgniter\Autoloader\Autoloader->loadInNamespace('App\\Models\\M_binanga')
 4 APPPATH\Controllers\Home.php(19): CodeIgniter\Autoloader\Autoloader->loadClass('App\\Models\\M_binanga')
 5 SYSTEMPATH\CodeIgniter.php(906): App\Controllers\Home->__construct()
 6 SYSTEMPATH\CodeIgniter.php(490): CodeIgniter\CodeIgniter->createController()
 7 SYSTEMPATH\CodeIgniter.php(368): CodeIgniter\CodeIgniter->handleRequest(null, Object(Config\Cache), false)
 8 FCPATH\index.php(67): CodeIgniter\CodeIgniter->run()
 9 SYSTEMPATH\Commands\Server\rewrite.php(47): require_once('FCPATH\\index.php')
CRITICAL - 2023-08-18 09:45:05 --> Class "App\Models\CI_Model" not found
in APPPATH\Models\M_binanga.php on line 7.
 1 SYSTEMPATH\Autoloader\Autoloader.php(312): include_once()
 2 SYSTEMPATH\Autoloader\Autoloader.php(289): CodeIgniter\Autoloader\Autoloader->includeFile('APPPATH\\Models\\M_binanga.php')
 3 SYSTEMPATH\Autoloader\Autoloader.php(267): CodeIgniter\Autoloader\Autoloader->loadInNamespace('App\\Models\\M_binanga')
 4 APPPATH\Controllers\Home.php(19): CodeIgniter\Autoloader\Autoloader->loadClass('App\\Models\\M_binanga')
 5 SYSTEMPATH\CodeIgniter.php(906): App\Controllers\Home->__construct()
 6 SYSTEMPATH\CodeIgniter.php(490): CodeIgniter\CodeIgniter->createController()
 7 SYSTEMPATH\CodeIgniter.php(368): CodeIgniter\CodeIgniter->handleRequest(null, Object(Config\Cache), false)
 8 FCPATH\index.php(67): CodeIgniter\CodeIgniter->run()
 9 SYSTEMPATH\Commands\Server\rewrite.php(47): require_once('FCPATH\\index.php')
CRITICAL - 2023-08-18 09:45:07 --> Class "App\Models\CI_Model" not found
in APPPATH\Models\M_binanga.php on line 7.
 1 SYSTEMPATH\Autoloader\Autoloader.php(312): include_once()
 2 SYSTEMPATH\Autoloader\Autoloader.php(289): CodeIgniter\Autoloader\Autoloader->includeFile('APPPATH\\Models\\M_binanga.php')
 3 SYSTEMPATH\Autoloader\Autoloader.php(267): CodeIgniter\Autoloader\Autoloader->loadInNamespace('App\\Models\\M_binanga')
 4 APPPATH\Controllers\Home.php(19): CodeIgniter\Autoloader\Autoloader->loadClass('App\\Models\\M_binanga')
 5 SYSTEMPATH\CodeIgniter.php(906): App\Controllers\Home->__construct()
 6 SYSTEMPATH\CodeIgniter.php(490): CodeIgniter\CodeIgniter->createController()
 7 SYSTEMPATH\CodeIgniter.php(368): CodeIgniter\CodeIgniter->handleRequest(null, Object(Config\Cache), false)
 8 FCPATH\index.php(67): CodeIgniter\CodeIgniter->run()
 9 SYSTEMPATH\Commands\Server\rewrite.php(47): require_once('FCPATH\\index.php')
CRITICAL - 2023-08-18 09:45:19 --> Class "App\Models\CI_Model" not found
in APPPATH\Models\M_binanga.php on line 7.
 1 SYSTEMPATH\Autoloader\Autoloader.php(312): include_once()
 2 SYSTEMPATH\Autoloader\Autoloader.php(289): CodeIgniter\Autoloader\Autoloader->includeFile('APPPATH\\Models\\M_binanga.php')
 3 SYSTEMPATH\Autoloader\Autoloader.php(267): CodeIgniter\Autoloader\Autoloader->loadInNamespace('App\\Models\\M_binanga')
 4 APPPATH\Controllers\Home.php(19): CodeIgniter\Autoloader\Autoloader->loadClass('App\\Models\\M_binanga')
 5 SYSTEMPATH\CodeIgniter.php(906): App\Controllers\Home->__construct()
 6 SYSTEMPATH\CodeIgniter.php(490): CodeIgniter\CodeIgniter->createController()
 7 SYSTEMPATH\CodeIgniter.php(368): CodeIgniter\CodeIgniter->handleRequest(null, Object(Config\Cache), false)
 8 FCPATH\index.php(67): CodeIgniter\CodeIgniter->run()
 9 SYSTEMPATH\Commands\Server\rewrite.php(47): require_once('FCPATH\\index.php')
CRITICAL - 2023-08-18 09:45:22 --> Class "App\Models\CI_Model" not found
in APPPATH\Models\M_binanga.php on line 7.
 1 SYSTEMPATH\Autoloader\Autoloader.php(312): include_once()
 2 SYSTEMPATH\Autoloader\Autoloader.php(289): CodeIgniter\Autoloader\Autoloader->includeFile('APPPATH\\Models\\M_binanga.php')
 3 SYSTEMPATH\Autoloader\Autoloader.php(267): CodeIgniter\Autoloader\Autoloader->loadInNamespace('App\\Models\\M_binanga')
 4 APPPATH\Controllers\Home.php(19): CodeIgniter\Autoloader\Autoloader->loadClass('App\\Models\\M_binanga')
 5 SYSTEMPATH\CodeIgniter.php(906): App\Controllers\Home->__construct()
 6 SYSTEMPATH\CodeIgniter.php(490): CodeIgniter\CodeIgniter->createController()
 7 SYSTEMPATH\CodeIgniter.php(368): CodeIgniter\CodeIgniter->handleRequest(null, Object(Config\Cache), false)
 8 FCPATH\index.php(67): CodeIgniter\CodeIgniter->run()
 9 SYSTEMPATH\Commands\Server\rewrite.php(47): require_once('FCPATH\\index.php')
CRITICAL - 2023-08-18 09:46:19 --> Call to undefined method CodeIgniter\Database\MySQLi\Connection::select()
in APPPATH\Models\M_relawan.php on line 32.
 1 APPPATH\Controllers\Home.php(184): App\Models\M_relawan->all_data()
 2 SYSTEMPATH\CodeIgniter.php(934): App\Controllers\Home->Maps()
 3 SYSTEMPATH\CodeIgniter.php(499): CodeIgniter\CodeIgniter->runController(Object(App\Controllers\Home))
 4 SYSTEMPATH\CodeIgniter.php(368): CodeIgniter\CodeIgniter->handleRequest(null, Object(Config\Cache), false)
 5 FCPATH\index.php(67): CodeIgniter\CodeIgniter->run()
 6 SYSTEMPATH\Commands\Server\rewrite.php(47): require_once('FCPATH\\index.php')
CRITICAL - 2023-08-18 09:46:37 --> Call to undefined method CodeIgniter\Database\MySQLi\Connection::select()
in APPPATH\Models\M_relawan.php on line 32.
 1 APPPATH\Controllers\Home.php(184): App\Models\M_relawan->all_data()
 2 SYSTEMPATH\CodeIgniter.php(934): App\Controllers\Home->Maps()
 3 SYSTEMPATH\CodeIgniter.php(499): CodeIgniter\CodeIgniter->runController(Object(App\Controllers\Home))
 4 SYSTEMPATH\CodeIgniter.php(368): CodeIgniter\CodeIgniter->handleRequest(null, Object(Config\Cache), false)
 5 FCPATH\index.php(67): CodeIgniter\CodeIgniter->run()
 6 SYSTEMPATH\Commands\Server\rewrite.php(47): require_once('FCPATH\\index.php')
CRITICAL - 2023-08-18 09:46:39 --> Call to undefined method CodeIgniter\Database\MySQLi\Connection::select()
in APPPATH\Models\M_relawan.php on line 32.
 1 APPPATH\Controllers\Home.php(184): App\Models\M_relawan->all_data()
 2 SYSTEMPATH\CodeIgniter.php(934): App\Controllers\Home->Maps()
 3 SYSTEMPATH\CodeIgniter.php(499): CodeIgniter\CodeIgniter->runController(Object(App\Controllers\Home))
 4 SYSTEMPATH\CodeIgniter.php(368): CodeIgniter\CodeIgniter->handleRequest(null, Object(Config\Cache), false)
 5 FCPATH\index.php(67): CodeIgniter\CodeIgniter->run()
 6 SYSTEMPATH\Commands\Server\rewrite.php(47): require_once('FCPATH\\index.php')
CRITICAL - 2023-08-18 09:59:00 --> Call to undefined method CodeIgniter\Database\MySQLi\Connection::select()
in APPPATH\Models\M_relawan.php on line 32.
 1 APPPATH\Controllers\Home.php(184): App\Models\M_relawan->all_data()
 2 SYSTEMPATH\CodeIgniter.php(934): App\Controllers\Home->Maps()
 3 SYSTEMPATH\CodeIgniter.php(499): CodeIgniter\CodeIgniter->runController(Object(App\Controllers\Home))
 4 SYSTEMPATH\CodeIgniter.php(368): CodeIgniter\CodeIgniter->handleRequest(null, Object(Config\Cache), false)
 5 FCPATH\index.php(67): CodeIgniter\CodeIgniter->run()
 6 SYSTEMPATH\Commands\Server\rewrite.php(47): require_once('FCPATH\\index.php')
CRITICAL - 2023-08-18 09:59:13 --> Call to undefined method App\Models\M_relawan::all_data
in SYSTEMPATH\Model.php on line 840.
 1 APPPATH\Controllers\Home.php(184): CodeIgniter\Model->__call('all_data', [])
 2 SYSTEMPATH\CodeIgniter.php(934): App\Controllers\Home->Maps()
 3 SYSTEMPATH\CodeIgniter.php(499): CodeIgniter\CodeIgniter->runController(Object(App\Controllers\Home))
 4 SYSTEMPATH\CodeIgniter.php(368): CodeIgniter\CodeIgniter->handleRequest(null, Object(Config\Cache), false)
 5 FCPATH\index.php(67): CodeIgniter\CodeIgniter->run()
 6 SYSTEMPATH\Commands\Server\rewrite.php(47): require_once('FCPATH\\index.php')
CRITICAL - 2023-08-18 09:59:25 --> Call to undefined method App\Models\M_relawan::all_data
in SYSTEMPATH\Model.php on line 840.
 1 APPPATH\Controllers\Home.php(184): CodeIgniter\Model->__call('all_data', [])
 2 SYSTEMPATH\CodeIgniter.php(934): App\Controllers\Home->Maps()
 3 SYSTEMPATH\CodeIgniter.php(499): CodeIgniter\CodeIgniter->runController(Object(App\Controllers\Home))
 4 SYSTEMPATH\CodeIgniter.php(368): CodeIgniter\CodeIgniter->handleRequest(null, Object(Config\Cache), false)
 5 FCPATH\index.php(67): CodeIgniter\CodeIgniter->run()
 6 SYSTEMPATH\Commands\Server\rewrite.php(47): require_once('FCPATH\\index.php')
INFO - 2023-08-18 15:57:17 --> Session: Class initialized using 'CodeIgniter\Session\Handlers\FileHandler' driver.
CRITICAL - 2023-08-18 15:57:30 --> Undefined variable $rimuku
in APPPATH\Views\Fitur\binanga.php on line 63.
 1 APPPATH\Views\Fitur\binanga.php(63): CodeIgniter\Debug\Exceptions->errorHandler(2, 'Undefined variable $rimuku', 'APPPATH\\Views\\Fitur\\binanga.php', 63)
 2 SYSTEMPATH\View\View.php(213): include('APPPATH\\Views\\Fitur\\binanga.php')
 3 SYSTEMPATH\View\View.php(216): CodeIgniter\View\View->CodeIgniter\View\{closure}()
 4 SYSTEMPATH\Common.php(1177): CodeIgniter\View\View->render('Fitur/binanga', [], true)
 5 APPPATH\Controllers\Home.php(197): view('Fitur/binanga')
 6 SYSTEMPATH\CodeIgniter.php(934): App\Controllers\Home->Coba()
 7 SYSTEMPATH\CodeIgniter.php(499): CodeIgniter\CodeIgniter->runController(Object(App\Controllers\Home))
 8 SYSTEMPATH\CodeIgniter.php(368): CodeIgniter\CodeIgniter->handleRequest(null, Object(Config\Cache), false)
 9 FCPATH\index.php(67): CodeIgniter\CodeIgniter->run()
10 SYSTEMPATH\Commands\Server\rewrite.php(47): require_once('FCPATH\\index.php')
CRITICAL - 2023-08-18 15:58:39 --> Undefined variable $binanga
in APPPATH\Views\Fitur\gambar.php on line 53.
 1 APPPATH\Views\Fitur\gambar.php(53): CodeIgniter\Debug\Exceptions->errorHandler(2, 'Undefined variable $binanga', 'APPPATH\\Views\\Fitur\\gambar.php', 53)
 2 SYSTEMPATH\View\View.php(213): include('APPPATH\\Views\\Fitur\\gambar.php')
 3 SYSTEMPATH\View\View.php(216): CodeIgniter\View\View->CodeIgniter\View\{closure}()
 4 SYSTEMPATH\Common.php(1177): CodeIgniter\View\View->render('Fitur/gambar', [], true)
 5 APPPATH\Controllers\Home.php(197): view('Fitur/gambar')
 6 SYSTEMPATH\CodeIgniter.php(934): App\Controllers\Home->Coba()
 7 SYSTEMPATH\CodeIgniter.php(499): CodeIgniter\CodeIgniter->runController(Object(App\Controllers\Home))
 8 SYSTEMPATH\CodeIgniter.php(368): CodeIgniter\CodeIgniter->handleRequest(null, Object(Config\Cache), false)
 9 FCPATH\index.php(67): CodeIgniter\CodeIgniter->run()
10 SYSTEMPATH\Commands\Server\rewrite.php(47): require_once('FCPATH\\index.php')
CRITICAL - 2023-08-18 15:59:00 --> Undefined variable $binanga
in APPPATH\Views\Fitur\gambar.php on line 53.
 1 APPPATH\Views\Fitur\gambar.php(53): CodeIgniter\Debug\Exceptions->errorHandler(2, 'Undefined variable $binanga', 'APPPATH\\Views\\Fitur\\gambar.php', 53)
 2 SYSTEMPATH\View\View.php(213): include('APPPATH\\Views\\Fitur\\gambar.php')
 3 SYSTEMPATH\View\View.php(216): CodeIgniter\View\View->CodeIgniter\View\{closure}()
 4 SYSTEMPATH\Common.php(1177): CodeIgniter\View\View->render('Fitur/gambar', [], true)
 5 APPPATH\Controllers\Home.php(197): view('Fitur/gambar')
 6 SYSTEMPATH\CodeIgniter.php(934): App\Controllers\Home->Coba()
 7 SYSTEMPATH\CodeIgniter.php(499): CodeIgniter\CodeIgniter->runController(Object(App\Controllers\Home))
 8 SYSTEMPATH\CodeIgniter.php(368): CodeIgniter\CodeIgniter->handleRequest(null, Object(Config\Cache), false)
 9 FCPATH\index.php(67): CodeIgniter\CodeIgniter->run()
10 SYSTEMPATH\Commands\Server\rewrite.php(47): require_once('FCPATH\\index.php')
CRITICAL - 2023-08-18 16:03:03 --> Attempt to read property "geojson" on array
in APPPATH\Views\Fitur\gambar.php on line 52.
 1 APPPATH\Views\Fitur\gambar.php(52): CodeIgniter\Debug\Exceptions->errorHandler(2, 'Attempt to read property "geojson" on array', 'APPPATH\\Views\\Fitur\\gambar.php', 52)
 2 SYSTEMPATH\View\View.php(213): include('APPPATH\\Views\\Fitur\\gambar.php')
 3 SYSTEMPATH\View\View.php(216): CodeIgniter\View\View->CodeIgniter\View\{closure}()
 4 SYSTEMPATH\Common.php(1177): CodeIgniter\View\View->render('Fitur/gambar', [], true)
 5 APPPATH\Controllers\Home.php(197): view('Fitur/gambar', [...])
 6 SYSTEMPATH\CodeIgniter.php(934): App\Controllers\Home->Coba()
 7 SYSTEMPATH\CodeIgniter.php(499): CodeIgniter\CodeIgniter->runController(Object(App\Controllers\Home))
 8 SYSTEMPATH\CodeIgniter.php(368): CodeIgniter\CodeIgniter->handleRequest(null, Object(Config\Cache), false)
 9 FCPATH\index.php(67): CodeIgniter\CodeIgniter->run()
10 SYSTEMPATH\Commands\Server\rewrite.php(47): require_once('FCPATH\\index.php')
CRITICAL - 2023-08-18 16:03:12 --> Undefined variable $binanga
in APPPATH\Views\Fitur\gambar.php on line 51.
 1 APPPATH\Views\Fitur\gambar.php(51): CodeIgniter\Debug\Exceptions->errorHandler(2, 'Undefined variable $binanga', 'APPPATH\\Views\\Fitur\\gambar.php', 51)
 2 SYSTEMPATH\View\View.php(213): include('APPPATH\\Views\\Fitur\\gambar.php')
 3 SYSTEMPATH\View\View.php(216): CodeIgniter\View\View->CodeIgniter\View\{closure}()
 4 SYSTEMPATH\Common.php(1177): CodeIgniter\View\View->render('Fitur/gambar', [], true)
 5 APPPATH\Controllers\Home.php(197): view('Fitur/gambar')
 6 SYSTEMPATH\CodeIgniter.php(934): App\Controllers\Home->Coba()
 7 SYSTEMPATH\CodeIgniter.php(499): CodeIgniter\CodeIgniter->runController(Object(App\Controllers\Home))
 8 SYSTEMPATH\CodeIgniter.php(368): CodeIgniter\CodeIgniter->handleRequest(null, Object(Config\Cache), false)
 9 FCPATH\index.php(67): CodeIgniter\CodeIgniter->run()
10 SYSTEMPATH\Commands\Server\rewrite.php(47): require_once('FCPATH\\index.php')
CRITICAL - 2023-08-18 16:03:16 --> Undefined variable $binanga
in APPPATH\Views\Fitur\gambar.php on line 51.
 1 APPPATH\Views\Fitur\gambar.php(51): CodeIgniter\Debug\Exceptions->errorHandler(2, 'Undefined variable $binanga', 'APPPATH\\Views\\Fitur\\gambar.php', 51)
 2 SYSTEMPATH\View\View.php(213): include('APPPATH\\Views\\Fitur\\gambar.php')
 3 SYSTEMPATH\View\View.php(216): CodeIgniter\View\View->CodeIgniter\View\{closure}()
 4 SYSTEMPATH\Common.php(1177): CodeIgniter\View\View->render('Fitur/gambar', [], true)
 5 APPPATH\Controllers\Home.php(197): view('Fitur/gambar')
 6 SYSTEMPATH\CodeIgniter.php(934): App\Controllers\Home->Coba()
 7 SYSTEMPATH\CodeIgniter.php(499): CodeIgniter\CodeIgniter->runController(Object(App\Controllers\Home))
 8 SYSTEMPATH\CodeIgniter.php(368): CodeIgniter\CodeIgniter->handleRequest(null, Object(Config\Cache), false)
 9 FCPATH\index.php(67): CodeIgniter\CodeIgniter->run()
10 SYSTEMPATH\Commands\Server\rewrite.php(47): require_once('FCPATH\\index.php')
CRITICAL - 2023-08-18 16:03:18 --> Undefined variable $binanga
in APPPATH\Views\Fitur\gambar.php on line 51.
 1 APPPATH\Views\Fitur\gambar.php(51): CodeIgniter\Debug\Exceptions->errorHandler(2, 'Undefined variable $binanga', 'APPPATH\\Views\\Fitur\\gambar.php', 51)
 2 SYSTEMPATH\View\View.php(213): include('APPPATH\\Views\\Fitur\\gambar.php')
 3 SYSTEMPATH\View\View.php(216): CodeIgniter\View\View->CodeIgniter\View\{closure}()
 4 SYSTEMPATH\Common.php(1177): CodeIgniter\View\View->render('Fitur/gambar', [], true)
 5 APPPATH\Controllers\Home.php(197): view('Fitur/gambar')
 6 SYSTEMPATH\CodeIgniter.php(934): App\Controllers\Home->Coba()
 7 SYSTEMPATH\CodeIgniter.php(499): CodeIgniter\CodeIgniter->runController(Object(App\Controllers\Home))
 8 SYSTEMPATH\CodeIgniter.php(368): CodeIgniter\CodeIgniter->handleRequest(null, Object(Config\Cache), false)
 9 FCPATH\index.php(67): CodeIgniter\CodeIgniter->run()
10 SYSTEMPATH\Commands\Server\rewrite.php(47): require_once('FCPATH\\index.php')
CRITICAL - 2023-08-18 16:03:33 --> Attempt to read property "geojson" on array
in APPPATH\Views\Fitur\gambar.php on line 52.
 1 APPPATH\Views\Fitur\gambar.php(52): CodeIgniter\Debug\Exceptions->errorHandler(2, 'Attempt to read property "geojson" on array', 'APPPATH\\Views\\Fitur\\gambar.php', 52)
 2 SYSTEMPATH\View\View.php(213): include('APPPATH\\Views\\Fitur\\gambar.php')
 3 SYSTEMPATH\View\View.php(216): CodeIgniter\View\View->CodeIgniter\View\{closure}()
 4 SYSTEMPATH\Common.php(1177): CodeIgniter\View\View->render('Fitur/gambar', [], true)
 5 APPPATH\Controllers\Home.php(197): view('Fitur/gambar', [...])
 6 SYSTEMPATH\CodeIgniter.php(934): App\Controllers\Home->Coba()
 7 SYSTEMPATH\CodeIgniter.php(499): CodeIgniter\CodeIgniter->runController(Object(App\Controllers\Home))
 8 SYSTEMPATH\CodeIgniter.php(368): CodeIgniter\CodeIgniter->handleRequest(null, Object(Config\Cache), false)
 9 FCPATH\index.php(67): CodeIgniter\CodeIgniter->run()
10 SYSTEMPATH\Commands\Server\rewrite.php(47): require_once('FCPATH\\index.php')
CRITICAL - 2023-08-18 16:03:42 --> Undefined variable $binanga
in APPPATH\Views\Fitur\gambar.php on line 51.
 1 APPPATH\Views\Fitur\gambar.php(51): CodeIgniter\Debug\Exceptions->errorHandler(2, 'Undefined variable $binanga', 'APPPATH\\Views\\Fitur\\gambar.php', 51)
 2 SYSTEMPATH\View\View.php(213): include('APPPATH\\Views\\Fitur\\gambar.php')
 3 SYSTEMPATH\View\View.php(216): CodeIgniter\View\View->CodeIgniter\View\{closure}()
 4 SYSTEMPATH\Common.php(1177): CodeIgniter\View\View->render('Fitur/gambar', [], true)
 5 APPPATH\Controllers\Home.php(197): view('Fitur/gambar')
 6 SYSTEMPATH\CodeIgniter.php(934): App\Controllers\Home->Coba()
 7 SYSTEMPATH\CodeIgniter.php(499): CodeIgniter\CodeIgniter->runController(Object(App\Controllers\Home))
 8 SYSTEMPATH\CodeIgniter.php(368): CodeIgniter\CodeIgniter->handleRequest(null, Object(Config\Cache), false)
 9 FCPATH\index.php(67): CodeIgniter\CodeIgniter->run()
10 SYSTEMPATH\Commands\Server\rewrite.php(47): require_once('FCPATH\\index.php')
CRITICAL - 2023-08-18 16:03:44 --> Undefined variable $binanga
in APPPATH\Views\Fitur\gambar.php on line 51.
 1 APPPATH\Views\Fitur\gambar.php(51): CodeIgniter\Debug\Exceptions->errorHandler(2, 'Undefined variable $binanga', 'APPPATH\\Views\\Fitur\\gambar.php', 51)
 2 SYSTEMPATH\View\View.php(213): include('APPPATH\\Views\\Fitur\\gambar.php')
 3 SYSTEMPATH\View\View.php(216): CodeIgniter\View\View->CodeIgniter\View\{closure}()
 4 SYSTEMPATH\Common.php(1177): CodeIgniter\View\View->render('Fitur/gambar', [], true)
 5 APPPATH\Controllers\Home.php(197): view('Fitur/gambar')
 6 SYSTEMPATH\CodeIgniter.php(934): App\Controllers\Home->Coba()
 7 SYSTEMPATH\CodeIgniter.php(499): CodeIgniter\CodeIgniter->runController(Object(App\Controllers\Home))
 8 SYSTEMPATH\CodeIgniter.php(368): CodeIgniter\CodeIgniter->handleRequest(null, Object(Config\Cache), false)
 9 FCPATH\index.php(67): CodeIgniter\CodeIgniter->run()
10 SYSTEMPATH\Commands\Server\rewrite.php(47): require_once('FCPATH\\index.php')
CRITICAL - 2023-08-18 16:03:45 --> Undefined variable $binanga
in APPPATH\Views\Fitur\gambar.php on line 51.
 1 APPPATH\Views\Fitur\gambar.php(51): CodeIgniter\Debug\Exceptions->errorHandler(2, 'Undefined variable $binanga', 'APPPATH\\Views\\Fitur\\gambar.php', 51)
 2 SYSTEMPATH\View\View.php(213): include('APPPATH\\Views\\Fitur\\gambar.php')
 3 SYSTEMPATH\View\View.php(216): CodeIgniter\View\View->CodeIgniter\View\{closure}()
 4 SYSTEMPATH\Common.php(1177): CodeIgniter\View\View->render('Fitur/gambar', [], true)
 5 APPPATH\Controllers\Home.php(197): view('Fitur/gambar')
 6 SYSTEMPATH\CodeIgniter.php(934): App\Controllers\Home->Coba()
 7 SYSTEMPATH\CodeIgniter.php(499): CodeIgniter\CodeIgniter->runController(Object(App\Controllers\Home))
 8 SYSTEMPATH\CodeIgniter.php(368): CodeIgniter\CodeIgniter->handleRequest(null, Object(Config\Cache), false)
 9 FCPATH\index.php(67): CodeIgniter\CodeIgniter->run()
10 SYSTEMPATH\Commands\Server\rewrite.php(47): require_once('FCPATH\\index.php')
CRITICAL - 2023-08-18 16:03:46 --> Undefined variable $binanga
in APPPATH\Views\Fitur\gambar.php on line 51.
 1 APPPATH\Views\Fitur\gambar.php(51): CodeIgniter\Debug\Exceptions->errorHandler(2, 'Undefined variable $binanga', 'APPPATH\\Views\\Fitur\\gambar.php', 51)
 2 SYSTEMPATH\View\View.php(213): include('APPPATH\\Views\\Fitur\\gambar.php')
 3 SYSTEMPATH\View\View.php(216): CodeIgniter\View\View->CodeIgniter\View\{closure}()
 4 SYSTEMPATH\Common.php(1177): CodeIgniter\View\View->render('Fitur/gambar', [], true)
 5 APPPATH\Controllers\Home.php(197): view('Fitur/gambar')
 6 SYSTEMPATH\CodeIgniter.php(934): App\Controllers\Home->Coba()
 7 SYSTEMPATH\CodeIgniter.php(499): CodeIgniter\CodeIgniter->runController(Object(App\Controllers\Home))
 8 SYSTEMPATH\CodeIgniter.php(368): CodeIgniter\CodeIgniter->handleRequest(null, Object(Config\Cache), false)
 9 FCPATH\index.php(67): CodeIgniter\CodeIgniter->run()
10 SYSTEMPATH\Commands\Server\rewrite.php(47): require_once('FCPATH\\index.php')
CRITICAL - 2023-08-18 16:03:47 --> Undefined variable $binanga
in APPPATH\Views\Fitur\gambar.php on line 51.
 1 APPPATH\Views\Fitur\gambar.php(51): CodeIgniter\Debug\Exceptions->errorHandler(2, 'Undefined variable $binanga', 'APPPATH\\Views\\Fitur\\gambar.php', 51)
 2 SYSTEMPATH\View\View.php(213): include('APPPATH\\Views\\Fitur\\gambar.php')
 3 SYSTEMPATH\View\View.php(216): CodeIgniter\View\View->CodeIgniter\View\{closure}()
 4 SYSTEMPATH\Common.php(1177): CodeIgniter\View\View->render('Fitur/gambar', [], true)
 5 APPPATH\Controllers\Home.php(197): view('Fitur/gambar')
 6 SYSTEMPATH\CodeIgniter.php(934): App\Controllers\Home->Coba()
 7 SYSTEMPATH\CodeIgniter.php(499): CodeIgniter\CodeIgniter->runController(Object(App\Controllers\Home))
 8 SYSTEMPATH\CodeIgniter.php(368): CodeIgniter\CodeIgniter->handleRequest(null, Object(Config\Cache), false)
 9 FCPATH\index.php(67): CodeIgniter\CodeIgniter->run()
10 SYSTEMPATH\Commands\Server\rewrite.php(47): require_once('FCPATH\\index.php')
CRITICAL - 2023-08-18 16:03:52 --> Undefined variable $binanga
in APPPATH\Views\Fitur\gambar.php on line 51.
 1 APPPATH\Views\Fitur\gambar.php(51): CodeIgniter\Debug\Exceptions->errorHandler(2, 'Undefined variable $binanga', 'APPPATH\\Views\\Fitur\\gambar.php', 51)
 2 SYSTEMPATH\View\View.php(213): include('APPPATH\\Views\\Fitur\\gambar.php')
 3 SYSTEMPATH\View\View.php(216): CodeIgniter\View\View->CodeIgniter\View\{closure}()
 4 SYSTEMPATH\Common.php(1177): CodeIgniter\View\View->render('Fitur/gambar', [], true)
 5 APPPATH\Controllers\Home.php(197): view('Fitur/gambar')
 6 SYSTEMPATH\CodeIgniter.php(934): App\Controllers\Home->Coba()
 7 SYSTEMPATH\CodeIgniter.php(499): CodeIgniter\CodeIgniter->runController(Object(App\Controllers\Home))
 8 SYSTEMPATH\CodeIgniter.php(368): CodeIgniter\CodeIgniter->handleRequest(null, Object(Config\Cache), false)
 9 FCPATH\index.php(67): CodeIgniter\CodeIgniter->run()
10 SYSTEMPATH\Commands\Server\rewrite.php(47): require_once('FCPATH\\index.php')
CRITICAL - 2023-08-18 16:03:59 --> Undefined variable $binanga
in APPPATH\Views\Fitur\gambar.php on line 51.
 1 APPPATH\Views\Fitur\gambar.php(51): CodeIgniter\Debug\Exceptions->errorHandler(2, 'Undefined variable $binanga', 'APPPATH\\Views\\Fitur\\gambar.php', 51)
 2 SYSTEMPATH\View\View.php(213): include('APPPATH\\Views\\Fitur\\gambar.php')
 3 SYSTEMPATH\View\View.php(216): CodeIgniter\View\View->CodeIgniter\View\{closure}()
 4 SYSTEMPATH\Common.php(1177): CodeIgniter\View\View->render('Fitur/gambar', [], true)
 5 APPPATH\Controllers\Home.php(197): view('Fitur/gambar')
 6 SYSTEMPATH\CodeIgniter.php(934): App\Controllers\Home->Coba()
 7 SYSTEMPATH\CodeIgniter.php(499): CodeIgniter\CodeIgniter->runController(Object(App\Controllers\Home))
 8 SYSTEMPATH\CodeIgniter.php(368): CodeIgniter\CodeIgniter->handleRequest(null, Object(Config\Cache), false)
 9 FCPATH\index.php(67): CodeIgniter\CodeIgniter->run()
10 SYSTEMPATH\Commands\Server\rewrite.php(47): require_once('FCPATH\\index.php')
CRITICAL - 2023-08-18 16:05:50 --> Undefined variable $binanga
in APPPATH\Views\Fitur\gambar.php on line 51.
 1 APPPATH\Views\Fitur\gambar.php(51): CodeIgniter\Debug\Exceptions->errorHandler(2, 'Undefined variable $binanga', 'APPPATH\\Views\\Fitur\\gambar.php', 51)
 2 SYSTEMPATH\View\View.php(213): include('APPPATH\\Views\\Fitur\\gambar.php')
 3 SYSTEMPATH\View\View.php(216): CodeIgniter\View\View->CodeIgniter\View\{closure}()
 4 SYSTEMPATH\Common.php(1177): CodeIgniter\View\View->render('Fitur/gambar', [], true)
 5 APPPATH\Controllers\Home.php(197): view('Fitur/gambar')
 6 SYSTEMPATH\CodeIgniter.php(934): App\Controllers\Home->Coba()
 7 SYSTEMPATH\CodeIgniter.php(499): CodeIgniter\CodeIgniter->runController(Object(App\Controllers\Home))
 8 SYSTEMPATH\CodeIgniter.php(368): CodeIgniter\CodeIgniter->handleRequest(null, Object(Config\Cache), false)
 9 FCPATH\index.php(67): CodeIgniter\CodeIgniter->run()
10 SYSTEMPATH\Commands\Server\rewrite.php(47): require_once('FCPATH\\index.php')
CRITICAL - 2023-08-18 16:05:55 --> Undefined variable $binanga
in APPPATH\Views\Fitur\gambar.php on line 51.
 1 APPPATH\Views\Fitur\gambar.php(51): CodeIgniter\Debug\Exceptions->errorHandler(2, 'Undefined variable $binanga', 'APPPATH\\Views\\Fitur\\gambar.php', 51)
 2 SYSTEMPATH\View\View.php(213): include('APPPATH\\Views\\Fitur\\gambar.php')
 3 SYSTEMPATH\View\View.php(216): CodeIgniter\View\View->CodeIgniter\View\{closure}()
 4 SYSTEMPATH\Common.php(1177): CodeIgniter\View\View->render('Fitur/gambar', [], true)
 5 APPPATH\Controllers\Home.php(197): view('Fitur/gambar')
 6 SYSTEMPATH\CodeIgniter.php(934): App\Controllers\Home->Coba()
 7 SYSTEMPATH\CodeIgniter.php(499): CodeIgniter\CodeIgniter->runController(Object(App\Controllers\Home))
 8 SYSTEMPATH\CodeIgniter.php(368): CodeIgniter\CodeIgniter->handleRequest(null, Object(Config\Cache), false)
 9 FCPATH\index.php(67): CodeIgniter\CodeIgniter->run()
10 SYSTEMPATH\Commands\Server\rewrite.php(47): require_once('FCPATH\\index.php')
CRITICAL - 2023-08-18 16:09:25 --> Undefined variable $binanga
in APPPATH\Views\Fitur\gambar.php on line 51.
 1 APPPATH\Views\Fitur\gambar.php(51): CodeIgniter\Debug\Exceptions->errorHandler(2, 'Undefined variable $binanga', 'APPPATH\\Views\\Fitur\\gambar.php', 51)
 2 SYSTEMPATH\View\View.php(213): include('APPPATH\\Views\\Fitur\\gambar.php')
 3 SYSTEMPATH\View\View.php(216): CodeIgniter\View\View->CodeIgniter\View\{closure}()
 4 SYSTEMPATH\Common.php(1177): CodeIgniter\View\View->render('Fitur/gambar', [], true)
 5 APPPATH\Controllers\Home.php(197): view('Fitur/gambar')
 6 SYSTEMPATH\CodeIgniter.php(934): App\Controllers\Home->Coba()
 7 SYSTEMPATH\CodeIgniter.php(499): CodeIgniter\CodeIgniter->runController(Object(App\Controllers\Home))
 8 SYSTEMPATH\CodeIgniter.php(368): CodeIgniter\CodeIgniter->handleRequest(null, Object(Config\Cache), false)
 9 FCPATH\index.php(67): CodeIgniter\CodeIgniter->run()
10 SYSTEMPATH\Commands\Server\rewrite.php(47): require_once('FCPATH\\index.php')
CRITICAL - 2023-08-18 16:09:42 --> Undefined variable $binanga
in APPPATH\Views\Fitur\gambar.php on line 51.
 1 APPPATH\Views\Fitur\gambar.php(51): CodeIgniter\Debug\Exceptions->errorHandler(2, 'Undefined variable $binanga', 'APPPATH\\Views\\Fitur\\gambar.php', 51)
 2 SYSTEMPATH\View\View.php(213): include('APPPATH\\Views\\Fitur\\gambar.php')
 3 SYSTEMPATH\View\View.php(216): CodeIgniter\View\View->CodeIgniter\View\{closure}()
 4 SYSTEMPATH\Common.php(1177): CodeIgniter\View\View->render('Fitur/gambar', [], true)
 5 APPPATH\Controllers\Home.php(197): view('Fitur/gambar')
 6 SYSTEMPATH\CodeIgniter.php(934): App\Controllers\Home->Coba()
 7 SYSTEMPATH\CodeIgniter.php(499): CodeIgniter\CodeIgniter->runController(Object(App\Controllers\Home))
 8 SYSTEMPATH\CodeIgniter.php(368): CodeIgniter\CodeIgniter->handleRequest(null, Object(Config\Cache), false)
 9 FCPATH\index.php(67): CodeIgniter\CodeIgniter->run()
10 SYSTEMPATH\Commands\Server\rewrite.php(47): require_once('FCPATH\\index.php')
CRITICAL - 2023-08-18 16:14:10 --> Undefined variable $binanga
in APPPATH\Views\Fitur\gambar.php on line 41.
 1 APPPATH\Views\Fitur\gambar.php(41): CodeIgniter\Debug\Exceptions->errorHandler(2, 'Undefined variable $binanga', 'APPPATH\\Views\\Fitur\\gambar.php', 41)
 2 SYSTEMPATH\View\View.php(213): include('APPPATH\\Views\\Fitur\\gambar.php')
 3 SYSTEMPATH\View\View.php(216): CodeIgniter\View\View->CodeIgniter\View\{closure}()
 4 SYSTEMPATH\Common.php(1177): CodeIgniter\View\View->render('Fitur/gambar', [], true)
 5 APPPATH\Controllers\Home.php(197): view('Fitur/gambar')
 6 SYSTEMPATH\CodeIgniter.php(934): App\Controllers\Home->Coba()
 7 SYSTEMPATH\CodeIgniter.php(499): CodeIgniter\CodeIgniter->runController(Object(App\Controllers\Home))
 8 SYSTEMPATH\CodeIgniter.php(368): CodeIgniter\CodeIgniter->handleRequest(null, Object(Config\Cache), false)
 9 FCPATH\index.php(67): CodeIgniter\CodeIgniter->run()
10 SYSTEMPATH\Commands\Server\rewrite.php(47): require_once('FCPATH\\index.php')
CRITICAL - 2023-08-18 16:26:07 --> Call to undefined method App\Models\M_relawan::all_rimuku
in SYSTEMPATH\Model.php on line 840.
 1 APPPATH\Controllers\Home.php(194): CodeIgniter\Model->__call('all_rimuku', [])
 2 SYSTEMPATH\CodeIgniter.php(934): App\Controllers\Home->Coba()
 3 SYSTEMPATH\CodeIgniter.php(499): CodeIgniter\CodeIgniter->runController(Object(App\Controllers\Home))
 4 SYSTEMPATH\CodeIgniter.php(368): CodeIgniter\CodeIgniter->handleRequest(null, Object(Config\Cache), false)
 5 FCPATH\index.php(67): CodeIgniter\CodeIgniter->run()
 6 SYSTEMPATH\Commands\Server\rewrite.php(47): require_once('FCPATH\\index.php')
CRITICAL - 2023-08-18 16:26:53 --> Call to undefined method CodeIgniter\Database\MySQLi\Connection::select()
in APPPATH\Models\M_relawan.php on line 33.
 1 APPPATH\Controllers\Home.php(194): App\Models\M_relawan->all_binanga()
 2 SYSTEMPATH\CodeIgniter.php(934): App\Controllers\Home->Coba()
 3 SYSTEMPATH\CodeIgniter.php(499): CodeIgniter\CodeIgniter->runController(Object(App\Controllers\Home))
 4 SYSTEMPATH\CodeIgniter.php(368): CodeIgniter\CodeIgniter->handleRequest(null, Object(Config\Cache), false)
 5 FCPATH\index.php(67): CodeIgniter\CodeIgniter->run()
 6 SYSTEMPATH\Commands\Server\rewrite.php(47): require_once('FCPATH\\index.php')
CRITICAL - 2023-08-18 16:40:04 --> Call to undefined method CodeIgniter\Database\MySQLi\Connection::select()
in APPPATH\Models\M_relawan.php on line 33.
 1 APPPATH\Controllers\Home.php(194): App\Models\M_relawan->all_binanga()
 2 SYSTEMPATH\CodeIgniter.php(934): App\Controllers\Home->Coba()
 3 SYSTEMPATH\CodeIgniter.php(499): CodeIgniter\CodeIgniter->runController(Object(App\Controllers\Home))
 4 SYSTEMPATH\CodeIgniter.php(368): CodeIgniter\CodeIgniter->handleRequest(null, Object(Config\Cache), false)
 5 FCPATH\index.php(67): CodeIgniter\CodeIgniter->run()
 6 SYSTEMPATH\Commands\Server\rewrite.php(47): require_once('FCPATH\\index.php')
CRITICAL - 2023-08-18 16:40:31 --> Call to undefined method CodeIgniter\Database\MySQLi\Connection::from()
in APPPATH\Models\M_relawan.php on line 34.
 1 APPPATH\Controllers\Home.php(194): App\Models\M_relawan->all_binanga()
 2 SYSTEMPATH\CodeIgniter.php(934): App\Controllers\Home->Coba()
 3 SYSTEMPATH\CodeIgniter.php(499): CodeIgniter\CodeIgniter->runController(Object(App\Controllers\Home))
 4 SYSTEMPATH\CodeIgniter.php(368): CodeIgniter\CodeIgniter->handleRequest(null, Object(Config\Cache), false)
 5 FCPATH\index.php(67): CodeIgniter\CodeIgniter->run()
 6 SYSTEMPATH\Commands\Server\rewrite.php(47): require_once('FCPATH\\index.php')
CRITICAL - 2023-08-18 16:41:01 --> Call to undefined method CodeIgniter\Database\MySQLi\Connection::select()
in APPPATH\Models\M_relawan.php on line 33.
 1 APPPATH\Controllers\Home.php(194): App\Models\M_relawan->all_binanga()
 2 SYSTEMPATH\CodeIgniter.php(934): App\Controllers\Home->Coba()
 3 SYSTEMPATH\CodeIgniter.php(499): CodeIgniter\CodeIgniter->runController(Object(App\Controllers\Home))
 4 SYSTEMPATH\CodeIgniter.php(368): CodeIgniter\CodeIgniter->handleRequest(null, Object(Config\Cache), false)
 5 FCPATH\index.php(67): CodeIgniter\CodeIgniter->run()
 6 SYSTEMPATH\Commands\Server\rewrite.php(47): require_once('FCPATH\\index.php')
CRITICAL - 2023-08-18 16:42:13 --> Call to undefined method CodeIgniter\Database\MySQLi\Connection::select()
in APPPATH\Models\M_relawan.php on line 33.
 1 APPPATH\Controllers\Home.php(194): App\Models\M_relawan->all_binanga()
 2 SYSTEMPATH\CodeIgniter.php(934): App\Controllers\Home->Coba()
 3 SYSTEMPATH\CodeIgniter.php(499): CodeIgniter\CodeIgniter->runController(Object(App\Controllers\Home))
 4 SYSTEMPATH\CodeIgniter.php(368): CodeIgniter\CodeIgniter->handleRequest(null, Object(Config\Cache), false)
 5 FCPATH\index.php(67): CodeIgniter\CodeIgniter->run()
 6 SYSTEMPATH\Commands\Server\rewrite.php(47): require_once('FCPATH\\index.php')
CRITICAL - 2023-08-18 16:43:02 --> foreach() argument must be of type array|object, null given
in APPPATH\Views\Fitur\gambar.php on line 49.
 1 APPPATH\Views\Fitur\gambar.php(49): CodeIgniter\Debug\Exceptions->errorHandler(2, 'foreach() argument must be of type array|object, null given', 'APPPATH\\Views\\Fitur\\gambar.php', 49)
 2 SYSTEMPATH\View\View.php(213): include('APPPATH\\Views\\Fitur\\gambar.php')
 3 SYSTEMPATH\View\View.php(216): CodeIgniter\View\View->CodeIgniter\View\{closure}()
 4 SYSTEMPATH\Common.php(1177): CodeIgniter\View\View->render('Fitur/gambar', [], true)
 5 APPPATH\Controllers\Home.php(197): view('Fitur/gambar', [...])
 6 SYSTEMPATH\CodeIgniter.php(934): App\Controllers\Home->Coba()
 7 SYSTEMPATH\CodeIgniter.php(499): CodeIgniter\CodeIgniter->runController(Object(App\Controllers\Home))
 8 SYSTEMPATH\CodeIgniter.php(368): CodeIgniter\CodeIgniter->handleRequest(null, Object(Config\Cache), false)
 9 FCPATH\index.php(67): CodeIgniter\CodeIgniter->run()
10 SYSTEMPATH\Commands\Server\rewrite.php(47): require_once('FCPATH\\index.php')
CRITICAL - 2023-08-18 16:43:05 --> foreach() argument must be of type array|object, null given
in APPPATH\Views\Fitur\gambar.php on line 49.
 1 APPPATH\Views\Fitur\gambar.php(49): CodeIgniter\Debug\Exceptions->errorHandler(2, 'foreach() argument must be of type array|object, null given', 'APPPATH\\Views\\Fitur\\gambar.php', 49)
 2 SYSTEMPATH\View\View.php(213): include('APPPATH\\Views\\Fitur\\gambar.php')
 3 SYSTEMPATH\View\View.php(216): CodeIgniter\View\View->CodeIgniter\View\{closure}()
 4 SYSTEMPATH\Common.php(1177): CodeIgniter\View\View->render('Fitur/gambar', [], true)
 5 APPPATH\Controllers\Home.php(197): view('Fitur/gambar', [...])
 6 SYSTEMPATH\CodeIgniter.php(934): App\Controllers\Home->Coba()
 7 SYSTEMPATH\CodeIgniter.php(499): CodeIgniter\CodeIgniter->runController(Object(App\Controllers\Home))
 8 SYSTEMPATH\CodeIgniter.php(368): CodeIgniter\CodeIgniter->handleRequest(null, Object(Config\Cache), false)
 9 FCPATH\index.php(67): CodeIgniter\CodeIgniter->run()
10 SYSTEMPATH\Commands\Server\rewrite.php(47): require_once('FCPATH\\index.php')
CRITICAL - 2023-08-18 16:43:08 --> foreach() argument must be of type array|object, null given
in APPPATH\Views\Fitur\gambar.php on line 49.
 1 APPPATH\Views\Fitur\gambar.php(49): CodeIgniter\Debug\Exceptions->errorHandler(2, 'foreach() argument must be of type array|object, null given', 'APPPATH\\Views\\Fitur\\gambar.php', 49)
 2 SYSTEMPATH\View\View.php(213): include('APPPATH\\Views\\Fitur\\gambar.php')
 3 SYSTEMPATH\View\View.php(216): CodeIgniter\View\View->CodeIgniter\View\{closure}()
 4 SYSTEMPATH\Common.php(1177): CodeIgniter\View\View->render('Fitur/gambar', [], true)
 5 APPPATH\Controllers\Home.php(197): view('Fitur/gambar', [...])
 6 SYSTEMPATH\CodeIgniter.php(934): App\Controllers\Home->Coba()
 7 SYSTEMPATH\CodeIgniter.php(499): CodeIgniter\CodeIgniter->runController(Object(App\Controllers\Home))
 8 SYSTEMPATH\CodeIgniter.php(368): CodeIgniter\CodeIgniter->handleRequest(null, Object(Config\Cache), false)
 9 FCPATH\index.php(67): CodeIgniter\CodeIgniter->run()
10 SYSTEMPATH\Commands\Server\rewrite.php(47): require_once('FCPATH\\index.php')
CRITICAL - 2023-08-18 16:55:16 --> Call to undefined method CodeIgniter\Database\MySQLi\Connection::select()
in APPPATH\Models\M_relawan.php on line 33.
 1 APPPATH\Controllers\Home.php(194): App\Models\M_relawan->all_binanga()
 2 SYSTEMPATH\CodeIgniter.php(934): App\Controllers\Home->Coba()
 3 SYSTEMPATH\CodeIgniter.php(499): CodeIgniter\CodeIgniter->runController(Object(App\Controllers\Home))
 4 SYSTEMPATH\CodeIgniter.php(368): CodeIgniter\CodeIgniter->handleRequest(null, Object(Config\Cache), false)
 5 FCPATH\index.php(67): CodeIgniter\CodeIgniter->run()
 6 SYSTEMPATH\Commands\Server\rewrite.php(47): require_once('FCPATH\\index.php')
CRITICAL - 2023-08-18 16:57:57 --> Call to undefined method CodeIgniter\Database\MySQLi\Connection::select()
in APPPATH\Models\M_relawan.php on line 33.
 1 APPPATH\Controllers\Home.php(194): App\Models\M_relawan->all_binanga()
 2 SYSTEMPATH\CodeIgniter.php(934): App\Controllers\Home->Coba()
 3 SYSTEMPATH\CodeIgniter.php(499): CodeIgniter\CodeIgniter->runController(Object(App\Controllers\Home))
 4 SYSTEMPATH\CodeIgniter.php(368): CodeIgniter\CodeIgniter->handleRequest(null, Object(Config\Cache), false)
 5 FCPATH\index.php(67): CodeIgniter\CodeIgniter->run()
 6 SYSTEMPATH\Commands\Server\rewrite.php(47): require_once('FCPATH\\index.php')
CRITICAL - 2023-08-18 16:58:29 --> Attempt to read property "geojson" on array
in APPPATH\Views\Fitur\gambar.php on line 50.
 1 APPPATH\Views\Fitur\gambar.php(50): CodeIgniter\Debug\Exceptions->errorHandler(2, 'Attempt to read property "geojson" on array', 'APPPATH\\Views\\Fitur\\gambar.php', 50)
 2 SYSTEMPATH\View\View.php(213): include('APPPATH\\Views\\Fitur\\gambar.php')
 3 SYSTEMPATH\View\View.php(216): CodeIgniter\View\View->CodeIgniter\View\{closure}()
 4 SYSTEMPATH\Common.php(1177): CodeIgniter\View\View->render('Fitur/gambar', [], true)
 5 APPPATH\Controllers\Home.php(197): view('Fitur/gambar', [...])
 6 SYSTEMPATH\CodeIgniter.php(934): App\Controllers\Home->Coba()
 7 SYSTEMPATH\CodeIgniter.php(499): CodeIgniter\CodeIgniter->runController(Object(App\Controllers\Home))
 8 SYSTEMPATH\CodeIgniter.php(368): CodeIgniter\CodeIgniter->handleRequest(null, Object(Config\Cache), false)
 9 FCPATH\index.php(67): CodeIgniter\CodeIgniter->run()
10 SYSTEMPATH\Commands\Server\rewrite.php(47): require_once('FCPATH\\index.php')
CRITICAL - 2023-08-18 17:31:20 --> Attempt to read property "geojson" on array
in APPPATH\Views\Fitur\gambar.php on line 50.
 1 APPPATH\Views\Fitur\gambar.php(50): CodeIgniter\Debug\Exceptions->errorHandler(2, 'Attempt to read property "geojson" on array', 'APPPATH\\Views\\Fitur\\gambar.php', 50)
 2 SYSTEMPATH\View\View.php(213): include('APPPATH\\Views\\Fitur\\gambar.php')
 3 SYSTEMPATH\View\View.php(216): CodeIgniter\View\View->CodeIgniter\View\{closure}()
 4 SYSTEMPATH\Common.php(1177): CodeIgniter\View\View->render('Fitur/gambar', [], true)
 5 APPPATH\Controllers\Home.php(197): view('Fitur/gambar', [...])
 6 SYSTEMPATH\CodeIgniter.php(934): App\Controllers\Home->Coba()
 7 SYSTEMPATH\CodeIgniter.php(499): CodeIgniter\CodeIgniter->runController(Object(App\Controllers\Home))
 8 SYSTEMPATH\CodeIgniter.php(368): CodeIgniter\CodeIgniter->handleRequest(null, Object(Config\Cache), false)
 9 FCPATH\index.php(67): CodeIgniter\CodeIgniter->run()
10 SYSTEMPATH\Commands\Server\rewrite.php(47): require_once('FCPATH\\index.php')
CRITICAL - 2023-08-18 18:12:27 --> Undefined constant "template"
in APPPATH\Views\Fitur\gambar.php on line 50.
 1 SYSTEMPATH\View\View.php(213): include()
 2 SYSTEMPATH\View\View.php(216): CodeIgniter\View\View->CodeIgniter\View\{closure}()
 3 SYSTEMPATH\Common.php(1177): CodeIgniter\View\View->render('Fitur/gambar', [], true)
 4 APPPATH\Controllers\Home.php(197): view('Fitur/gambar', [...])
 5 SYSTEMPATH\CodeIgniter.php(934): App\Controllers\Home->Coba()
 6 SYSTEMPATH\CodeIgniter.php(499): CodeIgniter\CodeIgniter->runController(Object(App\Controllers\Home))
 7 SYSTEMPATH\CodeIgniter.php(368): CodeIgniter\CodeIgniter->handleRequest(null, Object(Config\Cache), false)
 8 FCPATH\index.php(67): CodeIgniter\CodeIgniter->run()
 9 SYSTEMPATH\Commands\Server\rewrite.php(47): require_once('FCPATH\\index.php')
CRITICAL - 2023-08-18 18:12:32 --> Undefined constant "template"
in APPPATH\Views\Fitur\gambar.php on line 50.
 1 SYSTEMPATH\View\View.php(213): include()
 2 SYSTEMPATH\View\View.php(216): CodeIgniter\View\View->CodeIgniter\View\{closure}()
 3 SYSTEMPATH\Common.php(1177): CodeIgniter\View\View->render('Fitur/gambar', [], true)
 4 APPPATH\Controllers\Home.php(197): view('Fitur/gambar', [...])
 5 SYSTEMPATH\CodeIgniter.php(934): App\Controllers\Home->Coba()
 6 SYSTEMPATH\CodeIgniter.php(499): CodeIgniter\CodeIgniter->runController(Object(App\Controllers\Home))
 7 SYSTEMPATH\CodeIgniter.php(368): CodeIgniter\CodeIgniter->handleRequest(null, Object(Config\Cache), false)
 8 FCPATH\index.php(67): CodeIgniter\CodeIgniter->run()
 9 SYSTEMPATH\Commands\Server\rewrite.php(47): require_once('FCPATH\\index.php')
